<?xml version="1.0" encoding="UTF-8" ?>
<testsuite tests="4" failures="0" name="org.maven.prueba.AppTest" time="0.002" errors="0" skipped="0">
  <properties>
    <property name="java.vendor" value="Oracle Corporation"/>
    <property name="JOB_NAME" value="Prueba_calcular"/>
    <property name="sun.java.launcher" value="SUN_STANDARD"/>
    <property name="NUMBER_OF_PROCESSORS" value="12"/>
    <property name="sun.management.compiler" value="HotSpot 64-Bit Tiered Compilers"/>
    <property name="JENKINS_HOME" value="C:\Program Files (x86)\Jenkins -old"/>
    <property name="HUDSON_SERVER_COOKIE" value="8c80e5e12e554b53"/>
    <property name="POM_ARTIFACTID" value="prueba"/>
    <property name="os.name" value="Windows 10"/>
    <property name="RegionCode" value="EMEA"/>
    <property name="sun.boot.class.path" value="C:\Program Files\Java\jdk1.8.0_202\jre\lib\resources.jar;C:\Program Files\Java\jdk1.8.0_202\jre\lib\rt.jar;C:\Program Files\Java\jdk1.8.0_202\jre\lib\sunrsasign.jar;C:\Program Files\Java\jdk1.8.0_202\jre\lib\jsse.jar;C:\Program Files\Java\jdk1.8.0_202\jre\lib\jce.jar;C:\Program Files\Java\jdk1.8.0_202\jre\lib\charsets.jar;C:\Program Files\Java\jdk1.8.0_202\jre\lib\jfr.jar;C:\Program Files\Java\jdk1.8.0_202\jre\classes"/>
    <property name="EXECUTOR_NUMBER" value="1"/>
    <property name="sun.desktop" value="windows"/>
    <property name="PATHEXT" value=".COM;.EXE;.BAT;.CMD;.VBS;.VBE;.JS;.JSE;.WSF;.WSH;.MSC"/>
    <property name="java.vm.specification.vendor" value="Oracle Corporation"/>
    <property name="POM_DISPLAYNAME" value="prueba"/>
    <property name="NODE_LABELS" value="master"/>
    <property name="TEMP" value="C:\windows\TEMP"/>
    <property name="java.runtime.version" value="1.8.0_202-b08"/>
    <property name="user.name" value="LAP08581$"/>
    <property name="guice.disable.misplaced.annotation.check" value="true"/>
    <property name="CommonProgramW6432" value="C:\Program Files\Common Files"/>
    <property name="ProgramFiles" value="C:\Program Files (x86)"/>
    <property name="OnlineServices" value="Online Services"/>
    <property name="user.language" value="es"/>
    <property name="BUILD_DISPLAY_NAME" value="#84"/>
    <property name="sun.boot.library.path" value="C:\Program Files\Java\jdk1.8.0_202\jre\bin"/>
    <property name="LOCALAPPDATA" value="C:\windows\system32\config\systemprofile\AppData\Local"/>
    <property name="java.version" value="1.8.0_202"/>
    <property name="PROCESSOR_LEVEL" value="6"/>
    <property name="user.timezone" value="Europe/Paris"/>
    <property name="USERNAME" value="LAP08581$"/>
    <property name="sun.arch.data.model" value="64"/>
    <property name="NODE_NAME" value="master"/>
    <property name="PROCESSOR_ARCHITEW6432" value="AMD64"/>
    <property name="java.endorsed.dirs" value="C:\Program Files\Java\jdk1.8.0_202\jre\lib\endorsed"/>
    <property name="BUILD_ID" value="84"/>
    <property name="sun.cpu.isalist" value="amd64"/>
    <property name="sun.jnu.encoding" value="Cp1252"/>
    <property name="file.encoding.pkg" value="sun.io"/>
    <property name="file.separator" value="\"/>
    <property name="java.specification.name" value="Java Platform API Specification"/>
    <property name="IGCCSVC_DB" value="AQAAANCMnd8BFdERjHoAwE/Cl+sBAAAAEsrNSRHhBkeS6ZRNm0MEqQQAAAACAAAAAAAQZgAAAAEAACAAAAC8POFohdNHZNRAS69vSnPFSBqOjkKW9VLPzUq1+uWifQAAAAAOgAAAAAIAACAAAACxU0xL0c9rDrPyR/l4k++nyLw5akCXBebV6nQmnkwtemAAAACVtae8bv/I6vWKCOIOBN48E+/fsttGsVH0OPcL3medsUbm3mlZ7KDRgMz6+6My9/5j4iW2iOMQlnZrKx3EwyFB5H0pBYWCxW1O3VwWOgj3chYI5T3I+/vA6OebwcE7uM9AAAAAJsNYc8GBuPJz89DPCQBP8vnr54VCOuc7DuyYE+F90Y046T5NONq2KkMJE71YXhNC6raTsDDlQyXGA3KWAFJXqg=="/>
    <property name="java.class.version" value="52.0"/>
    <property name="org.slf4j.simpleLogger.defaultLogLevel" value="info"/>
    <property name="user.country" value="ES"/>
    <property name="ALLUSERSPROFILE" value="C:\ProgramData"/>
    <property name="java.home" value="C:\Program Files\Java\jdk1.8.0_202\jre"/>
    <property name="java.vm.info" value="mixed mode"/>
    <property name="os.version" value="10.0"/>
    <property name="platformcode" value="AN"/>
    <property name="POM_VERSION" value="0.0.1-SNAPSHOT"/>
    <property name="TMP" value="C:\windows\TEMP"/>
    <property name="path.separator" value=";"/>
    <property name="java.vm.version" value="25.202-b08"/>
    <property name="user.variant" value=""/>
    <property name="CommonProgramFiles(x86)" value="C:\Program Files (x86)\Common Files"/>
    <property name="java.awt.printerjob" value="sun.awt.windows.WPrinterJob"/>
    <property name="JAVA_HOME" value="C:\Program Files\Java\jdk1.8.0_202"/>
    <property name="sun.io.unicode.encoding" value="UnicodeLittle"/>
    <property name="CommonProgramFiles" value="C:\Program Files (x86)\Common Files"/>
    <property name="ComSpec" value="C:\windows\system32\cmd.exe"/>
    <property name="awt.toolkit" value="sun.awt.windows.WToolkit"/>
    <property name="POM_PACKAGING" value="war"/>
    <property name="SERVICE_ID" value="jenkins"/>
    <property name="COMPUTERNAME" value="LAP08581"/>
    <property name="user.script" value=""/>
    <property name="VBOX_MSI_INSTALL_PATH" value="C:\Program Files\Oracle\VirtualBox\"/>
    <property name="POM_GROUPID" value="org.maven"/>
    <property name="PUBLIC" value="C:\Users\Public"/>
    <property name="user.home" value="C:\windows\system32\config\systemprofile"/>
    <property name="BUILD_TAG" value="jenkins-Prueba_calcular-84"/>
    <property name="JENKINS_SERVER_COOKIE" value="8c80e5e12e554b53"/>
    <property name="HUDSON_URL" value="http://localhost:8081/"/>
    <property name="ProgramData" value="C:\ProgramData"/>
    <property name="java.specification.vendor" value="Oracle Corporation"/>
    <property name="USERPROFILE" value="C:\windows\system32\config\systemprofile"/>
    <property name="CLASSPATH" value=""/>
    <property name="java.vendor.url" value="http://java.oracle.com/"/>
    <property name="java.library.path" value="C:\Program Files\Java\jdk1.8.0_202\bin;C:\windows\Sun\Java\bin;C:\windows\system32;C:\windows;C:\Program Files\apache-maven-3.3.9/bin;C:\Program Files\Java\jdk1.8.0_202/bin;C:\Program Files\Java\jdk1.8.0_202/bin;C:\oraclexe\app\oracle\product\11.2.0\server\bin;C:\Program Files (x86)\Common Files\Oracle\Java\javapath;C:\windows\system32;C:\windows;C:\windows\System32\Wbem;C:\windows\System32\WindowsPowerShell\v1.0\;C:\windows\System32\OpenSSH\;C:\Program Files\AutoFirma\AutoFirma;%MAVEN5%\bin;C:\Program Files\Java\jdk1.8.0_202\bin;C:\Program Files (x86)\dotnet\;C:\Users\igutierrezc\AppData\Roaming\nvm;C:\Program Files\nodejs;C:\windows\system32\config\systemprofile\AppData\Local\Microsoft\WindowsApps;."/>
    <property name="java.vm.vendor" value="Oracle Corporation"/>
    <property name="APPDATA" value="C:\windows\system32\config\systemprofile\AppData\Roaming"/>
    <property name="ZES_ENABLE_SYSMAN" value="1"/>
    <property name="java.runtime.name" value="Java(TM) SE Runtime Environment"/>
    <property name="maven.home" value="C:\Program Files\apache-maven-3.3.9"/>
    <property name="java.class.path" value="C:\Program Files (x86)\Jenkins -old\plugins\maven-plugin\WEB-INF\lib\maven31-agent-1.5.jar;C:\Program Files\apache-maven-3.3.9\boot\plexus-classworlds-2.5.2.jar;C:\Program Files\apache-maven-3.3.9/conf/logging"/>
    <property name="sun.java.command" value="jenkins.maven3.agent.Maven31Main C:\Program Files\apache-maven-3.3.9 C:\Program Files (x86)\Jenkins -old\war\WEB-INF\lib\remoting-2.51.jar C:\Program Files (x86)\Jenkins -old\plugins\maven-plugin\WEB-INF\lib\maven31-interceptor-1.5.jar C:\Program Files (x86)\Jenkins -old\plugins\maven-plugin\WEB-INF\lib\maven3-interceptor-commons-1.5.jar 56308"/>
    <property name="Path" value="C:\Program Files\Java\jdk1.8.0_202/bin;C:\oraclexe\app\oracle\product\11.2.0\server\bin;C:\Program Files (x86)\Common Files\Oracle\Java\javapath;C:\windows\system32;C:\windows;C:\windows\System32\Wbem;C:\windows\System32\WindowsPowerShell\v1.0\;C:\windows\System32\OpenSSH\;C:\Program Files\AutoFirma\AutoFirma;%MAVEN5%\bin;C:\Program Files\Java\jdk1.8.0_202\bin;C:\Program Files (x86)\dotnet\;C:\Users\igutierrezc\AppData\Roaming\nvm;C:\Program Files\nodejs;C:\windows\system32\config\systemprofile\AppData\Local\Microsoft\WindowsApps"/>
    <property name="java.vm.specification.name" value="Java Virtual Machine Specification"/>
    <property name="PROCESSOR_ARCHITECTURE" value="x86"/>
    <property name="PATH+JDK" value="C:\Program Files\Java\jdk1.8.0_202/bin"/>
    <property name="PROCESSOR_IDENTIFIER" value="Intel64 Family 6 Model 186 Stepping 3, GenuineIntel"/>
    <property name="java.vm.specification.version" value="1.8"/>
    <property name="sun.os.patch.level" value=""/>
    <property name="sun.cpu.endian" value="little"/>
    <property name="M2_HOME" value="C:\Program Files\apache-maven-3.3.9"/>
    <property name="java.io.tmpdir" value="C:\windows\TEMP\"/>
    <property name="OS" value="Windows_NT"/>
    <property name="HUDSON_HOME" value="C:\Program Files (x86)\Jenkins -old"/>
    <property name="PATH+MAVEN" value="C:\Program Files\apache-maven-3.3.9/bin"/>
    <property name="ProgramFiles(x86)" value="C:\Program Files (x86)"/>
    <property name="BUILD_URL" value="http://localhost:8081/job/Prueba_calcular/84/"/>
    <property name="java.vendor.url.bug" value="http://bugreport.sun.com/bugreport/"/>
    <property name="NVM_HOME" value="C:\Users\igutierrezc\AppData\Roaming\nvm"/>
    <property name="java.awt.graphicsenv" value="sun.awt.Win32GraphicsEnvironment"/>
    <property name="os.arch" value="amd64"/>
    <property name="SystemRoot" value="C:\windows"/>
    <property name="java.ext.dirs" value="C:\Program Files\Java\jdk1.8.0_202\jre\lib\ext;C:\windows\Sun\Java\lib\ext"/>
    <property name="user.dir" value="C:\Users\igutierrezc\Desktop\Apps\Desarrollo\Java\Work-spaces\WS1\prueba"/>
    <property name="JOB_URL" value="http://localhost:8081/job/Prueba_calcular/"/>
    <property name="USERDOMAIN" value="AYESA"/>
    <property name="line.separator" value="
"/>
    <property name="MAVEN_HOME" value="C:\Program Files\apache-maven-3.3.9"/>
    <property name="java.vm.name" value="Java HotSpot(TM) 64-Bit Server VM"/>
    <property name="BUILD_NUMBER" value="84"/>
    <property name="BASE" value="C:\Program Files (x86)\Jenkins -old"/>
    <property name="JENKINS_URL" value="http://localhost:8081/"/>
    <property name="PROCESSOR_REVISION" value="ba03"/>
    <property name="ProgramW6432" value="C:\Program Files"/>
    <property name="windir" value="C:\windows"/>
    <property name="file.encoding" value="Cp1252"/>
    <property name="SystemDrive" value="C:"/>
    <property name="maven3.interceptor" value="C:\Program Files (x86)\Jenkins -old\plugins\maven-plugin\WEB-INF\lib\maven31-interceptor-1.5.jar"/>
    <property name="NVM_SYMLINK" value="C:\Program Files\nodejs"/>
    <property name="WORKSPACE" value="C:\Program Files (x86)\Jenkins -old\jobs\Prueba_calcular\workspace"/>
    <property name="maven3.interceptor.common" value="C:\Program Files (x86)\Jenkins -old\plugins\maven-plugin\WEB-INF\lib\maven3-interceptor-commons-1.5.jar"/>
    <property name="WINSW_EXECUTABLE" value="C:\Program Files (x86)\Jenkins -old\jenkins.exe"/>
    <property name="java.specification.version" value="1.8"/>
    <property name="PSModulePath" value="C:\Program Files\WindowsPowerShell\Modules;C:\windows\system32\WindowsPowerShell\v1.0\Modules"/>
    <property name="DriverData" value="C:\Windows\System32\Drivers\DriverData"/>
  </properties>
  <testcase classname="org.maven.prueba.AppTest" name="testDiv" time="0.002"/>
  <testcase classname="org.maven.prueba.AppTest" name="testMult" time="0"/>
  <testcase classname="org.maven.prueba.AppTest" name="testSum" time="0"/>
  <testcase classname="org.maven.prueba.AppTest" name="testRest" time="0"/>
</testsuite>